<?xml version="1.0" encoding="UTF-8"?>
<testng-results ignored="0" total="1" passed="1" failed="0" skipped="0">
  <reporter-output>
  </reporter-output>
  <suite started-at="2023-11-26T10:03:19 IST" name="Default suite" finished-at="2023-11-26T10:04:05 IST" duration-ms="46142">
    <groups>
    </groups>
    <test started-at="2023-11-26T10:03:19 IST" name="Default test" finished-at="2023-11-26T10:04:05 IST" duration-ms="46142">
      <class name="com.EximMe.testcase.AboutEximpe">
        <test-method signature="aboutexime()[pri:0, instance:com.EximMe.testcase.AboutEximpe@18d87d80]" started-at="2023-11-26T10:03:19 IST" name="aboutexime" finished-at="2023-11-26T10:04:05 IST" duration-ms="46047" status="PASS">
          <reporter-output>
          </reporter-output>
        </test-method> <!-- aboutexime -->
      </class> <!-- com.EximMe.testcase.AboutEximpe -->
    </test> <!-- Default test -->
  </suite> <!-- Default suite -->
</testng-results>
